2026-04-16T11:35:27.854Z [AiChatBar] got file from clipboard: image.png image/png 97264
2026-04-16T11:35:27.854Z [AiChatBar] saving attachment: att-1776339327854-k512 image.png
2026-04-16T11:35:27.854Z [AiChatBar] fileToBase64 called, file: image.png type: image/png size: 97264
2026-04-16T11:35:27.857Z [AiChatBar] fileToBase64 success, base64 length: 129688
2026-04-16T11:35:27.858Z [AiChatBar] saved, setting path in ref: att-1776339327854-k512 /Users/anantgarg/Local/.bake-worktrees-tinyhands/plan-004/.bake/media/1776339327854-124vxg.png
2026-04-16T11:35:40.464Z [AiChatBar] no files found in clipboard items
2026-04-16T11:35:41.325Z [AiChatBar] handleSend - savedPaths: ["/Users/anantgarg/Local/.bake-worktrees-tinyhands/plan-004/.bake/media/1776339327854-124vxg.png"] savingCount: 0
2026-04-16T11:35:41.326Z [AiChatBar] FINAL PROMPT: "In file \".bake/tasks/plans/plan-004.md\", make the following changes:\nGaurav is saying that he is unable to click on the create trigger. I think we fixed this, but I'm not sure. Can you please check?\n\nRead these attached files: \"/Users/anantgarg/Local/.bake-worktrees-tinyhands/plan-004/.bake/media/1776339327854-124vxg.png\""
2026-04-16T14:34:16.710Z [AiChatBar] got file from clipboard: image.png image/png 225011
2026-04-16T14:34:16.710Z [AiChatBar] saving attachment: att-1776350056710-za21 image.png
2026-04-16T14:34:16.711Z [AiChatBar] fileToBase64 called, file: image.png type: image/png size: 225011
2026-04-16T14:34:16.713Z [AiChatBar] fileToBase64 success, base64 length: 300016
2026-04-16T14:34:16.714Z [AiChatBar] saved, setting path in ref: att-1776350056710-za21 /Users/anantgarg/Local/.bake-worktrees-tinyhands/plan-004/.bake/media/1776350056711-51jci4.png
2026-04-16T14:34:24.761Z [AiChatBar] got file from clipboard: image.png image/png 24673
2026-04-16T14:34:24.762Z [AiChatBar] saving attachment: att-1776350064761-cfbe image.png
2026-04-16T14:34:24.762Z [AiChatBar] fileToBase64 called, file: image.png type: image/png size: 24673
2026-04-16T14:34:24.766Z [AiChatBar] fileToBase64 success, base64 length: 32900
2026-04-16T14:34:24.768Z [AiChatBar] saved, setting path in ref: att-1776350064761-cfbe /Users/anantgarg/Local/.bake-worktrees-tinyhands/plan-004/.bake/media/1776350064762-d2a21u.png
2026-04-16T14:34:36.320Z [AiChatBar] no files found in clipboard items
2026-04-16T14:34:44.285Z [AiChatBar] no files found in clipboard items
2026-04-16T14:34:46.932Z [AiChatBar] handleSend - savedPaths: ["/Users/anantgarg/Local/.bake-worktrees-tinyhands/plan-004/.bake/media/1776350056711-51jci4.png","/Users/anantgarg/Local/.bake-worktrees-tinyhands/plan-004/.bake/media/1776350064762-d2a21u.png"] savingCount: 0
2026-04-16T14:34:46.933Z [AiChatBar] FINAL PROMPT: "In file \".bake/tasks/plans/plan-004.md\", make the following changes:\nVijit is saying: Still giving me an error - insufficient permissions and If I try to directly edit, the names of users shows as codes, so dont know how to add Anuj. So please help.\n\nRead these attached files: \"/Users/anantgarg/Local/.bake-worktrees-tinyhands/plan-004/.bake/media/1776350056711-51jci4.png\" \"/Users/anantgarg/Local/.bake-worktrees-tinyhands/plan-004/.bake/media/1776350064762-d2a21u.png\""